app/build/outputs/logs/manifest-merger-debug-report.txt
-- Merging decision tree log ---
manifest
ADDED from src\main\AndroidManifest.xml:2:1-47:12
	xmlns:android
		ADDED from src\main\AndroidManifest.xml:2:11-69
	package
		ADDED from src\main\AndroidManifest.xml:3:11-38
		INJECTED from src\main\AndroidManifest.xml
		INJECTED from src\main\AndroidManifest.xml
	android:versionName
		ADDED from src\main\AndroidManifest.xml:5:11-36
		INJECTED from src\main\AndroidManifest.xml
		INJECTED from src\main\AndroidManifest.xml
	android:versionCode
		ADDED from src\main\AndroidManifest.xml:4:11-34
		INJECTED from src\main\AndroidManifest.xml
		INJECTED from src\main\AndroidManifest.xml
uses-permission#android.permission.SYSTEM_ALERT_WINDOW
ADDED from src\main\AndroidManifest.xml:6:5-77
	android:name
		ADDED from src\main\AndroidManifest.xml:6:22-75
uses-permission#android.permission.INTERNET
ADDED from src\main\AndroidManifest.xml:7:5-67
	android:name
		ADDED from src\main\AndroidManifest.xml:7:22-64
uses-permission#android.permission.ACCESS_NETWORK_STATE
ADDED from src\main\AndroidManifest.xml:8:5-79
	android:name
		ADDED from src\main\AndroidManifest.xml:8:22-76
uses-sdk
ADDED from src\main\AndroidManifest.xml:9:5-43
	android:targetSdkVersion
		INJECTED from src\main\AndroidManifest.xml
		INJECTED from src\main\AndroidManifest.xml
	android:minSdkVersion
		ADDED from src\main\AndroidManifest.xml:9:15-41
		INJECTED from src\main\AndroidManifest.xml
		INJECTED from src\main\AndroidManifest.xml
application
ADDED from src\main\AndroidManifest.xml:10:5-46:19
	android:label
		ADDED from src\main\AndroidManifest.xml:10:18-50
	android:icon
		ADDED from src\main\AndroidManifest.xml:11:18-49
activity#com.example.myapp.MyActivity
ADDED from src\main\AndroidManifest.xml:12:9-18:20
	android:label
		ADDED from src\main\AndroidManifest.xml:13:19-51
	android:name
		ADDED from src\main\AndroidManifest.xml:12:19-44
intent-filter#android.intent.action.MAIN+android.intent.category.LAUNCHER
ADDED from src\main\AndroidManifest.xml:14:13-17:29
action#android.intent.action.MAIN
ADDED from src\main\AndroidManifest.xml:15:17-68
	android:name
		ADDED from src\main\AndroidManifest.xml:15:25-66
category#android.intent.category.LAUNCHER
ADDED from src\main\AndroidManifest.xml:16:17-76
	android:name
		ADDED from src\main\AndroidManifest.xml:16:27-74
activity#com.example.myapp.MyTooleapActivity
ADDED from src\main\AndroidManifest.xml:19:9-27:20
	android:theme
		ADDED from src\main\AndroidManifest.xml:20:19-67
	android:taskAffinity
		ADDED from src\main\AndroidManifest.xml:22:19-50
	android:name
		ADDED from src\main\AndroidManifest.xml:19:19-52
	android:launchMode
		ADDED from src\main\AndroidManifest.xml:21:19-54
intent-filter#com.tooleap.sdk.TOOLEAP_SHOW
ADDED from src\main\AndroidManifest.xml:24:13-26:29
action#com.tooleap.sdk.TOOLEAP_SHOW
ADDED from src\main\AndroidManifest.xml:25:17-70
	android:name
		ADDED from src\main\AndroidManifest.xml:25:25-68
service#com.tooleap.sdk.TooleapAppService
ADDED from src\main\AndroidManifest.xml:28:9-68
	android:name
		ADDED from src\main\AndroidManifest.xml:28:18-66
service#com.tooleap.sdk.TooleapUIService
ADDED from src\main\AndroidManifest.xml:29:9-35:19
	android:process
		ADDED from src\main\AndroidManifest.xml:30:18-46
	android:exported
		ADDED from src\main\AndroidManifest.xml:31:18-41
	android:name
		ADDED from src\main\AndroidManifest.xml:29:18-65
intent-filter#com.tooleap.sdk.BIND_UI_SERVICE
ADDED from src\main\AndroidManifest.xml:32:13-34:29
action#com.tooleap.sdk.BIND_UI_SERVICE
ADDED from src\main\AndroidManifest.xml:33:17-74
	android:name
		ADDED from src\main\AndroidManifest.xml:33:25-71
receiver#com.tooleap.sdk.TooleapReceiver
ADDED from src\main\AndroidManifest.xml:36:9-44:20
	android:name
		ADDED from src\main\AndroidManifest.xml:36:19-65
intent-filter#android.intent.action.PACKAGE_REPLACED
ADDED from src\main\AndroidManifest.xml:37:13-40:29
action#android.intent.action.PACKAGE_REPLACED
ADDED from src\main\AndroidManifest.xml:38:17-80
	android:name
		ADDED from src\main\AndroidManifest.xml:38:25-78
data
ADDED from src\main\AndroidManifest.xml:39:17-49
	android:scheme
		ADDED from src\main\AndroidManifest.xml:39:23-47
intent-filter#com.tooleap.sdk.TOOLEAP_ACTION
ADDED from src\main\AndroidManifest.xml:41:13-43:29
action#com.tooleap.sdk.TOOLEAP_ACTION
ADDED from src\main\AndroidManifest.xml:42:17-72
	android:name
		ADDED from src\main\AndroidManifest.xml:42:25-70
meta-data#com.tooleap.sdk.apiKey
ADDED from src\main\AndroidManifest.xml:45:9-96
	android:name
		ADDED from src\main\AndroidManifest.xml:45:20-57
	android:value
		ADDED from src\main\AndroidManifest.xml:45:58-93